2020-08-09T22:06:01.015Z [my-bank-api] error: EPIPE: broken pipe, write
2020-08-09T22:07:26.339Z [my-bank-api] error: GET /account - ENOENT: no such file or directory, open 'C:\Users\Carol\Documents\prog\bootcamp igti\Nova pasta\my-bank-api\accounts.json'
2020-08-09T22:12:04.608Z [my-bank-api] info: API Started and file created!
2020-08-09T22:16:01.668Z [my-bank-api] info: API Started and file created!
2020-08-09T22:17:13.961Z [my-bank-api] info: GET /account
2020-08-09T22:18:57.735Z [my-bank-api] info: POST /account - {"id":1,"name":"Rita de Cássia","balance":"7000"}
2020-08-09T22:19:21.804Z [my-bank-api] info: GET /account/:id
2020-08-09T23:16:56.519Z [my-bank-api] info: POST /account - {"id":2,"name":"Ana Carolina","balance":"7000"}
2020-08-09T23:23:31.527Z [my-bank-api] info: API Started and file created!
2020-08-09T23:23:50.347Z [my-bank-api] error: POST /account - Name e Balance são obrigatórios
2020-08-09T23:24:58.692Z [my-bank-api] info: API Started and file created!
2020-08-09T23:25:17.079Z [my-bank-api] info: POST /account - {"id":1,"name":"Ana Carolina","balance":0}
2020-08-09T23:27:18.750Z [my-bank-api] info: API Started and file created!
2020-08-09T23:27:46.284Z [my-bank-api] info: POST /account - {"id":1,"name":"Marcio Henrique","balance":20000}
2020-08-09T23:28:49.652Z [my-bank-api] info: API Started and file created!
2020-08-09T23:30:15.393Z [my-bank-api] info: API Started and file created!
2020-08-09T23:32:11.734Z [my-bank-api] info: PUT /account - {"id":54545,"name":"Marcius Henrique","balance":"22000"}
2020-08-09T23:32:18.056Z [my-bank-api] info: API Started and file created!
2020-08-09T23:32:20.566Z [my-bank-api] error: PUT /account - Registro não encontrado
2020-08-10T00:17:58.001Z [my-bank-api] info: API Started and file created!
2020-08-10T00:18:41.843Z [my-bank-api] error: PUT /account - Registro não encontrado
2020-08-10T00:18:47.047Z [my-bank-api] error: PUT /account - Registro não encontrado
2020-08-10T00:18:57.298Z [my-bank-api] info: API Started and file created!
2020-08-10T00:19:21.352Z [my-bank-api] info: API Started and file created!
2020-08-10T00:19:41.397Z [my-bank-api] info: POST /account - {"id":1,"name":"Marcio Henrique","balance":20000}
2020-08-10T00:19:51.290Z [my-bank-api] info: PUT /account - {"id":1,"name":"Marcius Henrique","balance":"2200","sajskjsk":"555"}
2020-08-10T00:22:31.614Z [my-bank-api] info: API Started and file created!
2020-08-10T00:24:15.956Z [my-bank-api] info: API Started and file created!
2020-08-10T00:24:34.050Z [my-bank-api] info: API Started and file created!
2020-08-10T00:25:17.834Z [my-bank-api] info: API Started and file created!
2020-08-10T00:25:37.500Z [my-bank-api] error: PATCH /account - Registro não encontrado
2020-08-10T00:26:15.152Z [my-bank-api] error: PATCH /account - Id e Balance são obrigatórios
2020-08-10T00:27:21.461Z [my-bank-api] info: API Started and file created!
2020-08-10T00:27:33.273Z [my-bank-api] error: PUT /account - Id, Name e Balance são obrigatórios
2020-08-10T19:44:58.609Z [my-bank-api] info: API Started and file created!
2020-08-10T21:41:50.618Z [my-bank-api] info: API Started!
2020-08-10T23:26:52.471Z [my-bank-api] info: GET /account
2020-08-10T23:29:17.537Z [my-bank-api] info: API Started!
2020-08-10T23:29:40.724Z [my-bank-api] info: GET /account
2020-08-10T23:30:02.037Z [my-bank-api] info: API Started!
2020-08-10T23:30:11.914Z [my-bank-api] info: GET /account
2020-08-10T23:31:01.028Z [my-bank-api] info: API Started!
2020-08-10T23:31:27.989Z [my-bank-api] info: GET /account
2020-08-10T23:32:23.992Z [my-bank-api] info: GET /account
2020-08-11T00:16:50.536Z [my-bank-api] info: API Started!
2020-08-11T00:17:56.275Z [my-bank-api] info: API Started!
2020-08-11T00:22:48.121Z [my-bank-api] info: API Started!
2020-08-11T00:24:10.327Z [my-bank-api] info: GET /account
2020-08-11T00:25:57.194Z [my-bank-api] info: POST /account - {"id":1,"name":"Ana Carolina","balance":6742.34}
2020-08-11T00:26:21.531Z [my-bank-api] info: POST /account - {"id":2,"name":"Marcio Henrique","balance":20000}
2020-08-11T00:26:35.274Z [my-bank-api] info: GET /account
2020-08-11T00:27:14.831Z [my-bank-api] error: PUT /account - Id, Name e Balance são obrigatórios
